[INFO] Scanning for projects...
[INFO] 
[INFO] -----------------------< com:springBootProject >------------------------
[INFO] Building springBootProject 0.0.1-SNAPSHOT
[INFO]   from pom.xml
[INFO] --------------------------------[ jar ]---------------------------------
[INFO] 
[INFO] >>> spring-boot:3.4.1:run (default-cli) > test-compile @ springBootProject >>>
[INFO] 
[INFO] --- resources:3.3.1:resources (default-resources) @ springBootProject ---
[INFO] Copying 1 resource from src/main/resources to target/classes
[INFO] Copying 0 resource from src/main/resources to target/classes
[INFO] 
[INFO] --- compiler:3.13.0:compile (default-compile) @ springBootProject ---
[INFO] Nothing to compile - all classes are up to date.
[INFO] 
[INFO] --- resources:3.3.1:testResources (default-testResources) @ springBootProject ---
[INFO] skip non existing resourceDirectory /Users/dxx/Desktop/代码/javaDemo/springBootProject/src/test/resources
[INFO] 
[INFO] --- compiler:3.13.0:testCompile (default-testCompile) @ springBootProject ---
[INFO] Nothing to compile - all classes are up to date.
[INFO] 
[INFO] <<< spring-boot:3.4.1:run (default-cli) < test-compile @ springBootProject <<<
[INFO] 
[INFO] 
[INFO] --- spring-boot:3.4.1:run (default-cli) @ springBootProject ---
[INFO] Attaching agents: []

  .   ____          _            __ _ _
 /\\ / ___'_ __ _ _(_)_ __  __ _ \ \ \ \
( ( )\___ | '_ | '_| | '_ \/ _` | \ \ \ \
 \\/  ___)| |_)| | | | | || (_| |  ) ) ) )
  '  |____| .__|_| |_|_| |_\__, | / / / /
 =========|_|==============|___/=/_/_/_/

 :: Spring Boot ::                (v3.4.1)

2026-01-02T23:11:27.108+08:00  INFO 9794 --- [springBootProject] [  restartedMain] c.s.SpringBootProjectApplication         : Starting SpringBootProjectApplication using Java 20.0.1 with PID 9794 (/Users/dxx/Desktop/代码/javaDemo/springBootProject/target/classes started by dxx in /Users/dxx/Desktop/代码/javaDemo/springBootProject)
2026-01-02T23:11:27.109+08:00  INFO 9794 --- [springBootProject] [  restartedMain] c.s.SpringBootProjectApplication         : No active profile set, falling back to 1 default profile: "default"
2026-01-02T23:11:27.130+08:00  INFO 9794 --- [springBootProject] [  restartedMain] .e.DevToolsPropertyDefaultsPostProcessor : Devtools property defaults active! Set 'spring.devtools.add-properties' to 'false' to disable
2026-01-02T23:11:27.130+08:00  INFO 9794 --- [springBootProject] [  restartedMain] .e.DevToolsPropertyDefaultsPostProcessor : For additional web related logging consider setting the 'logging.level.web' property to 'DEBUG'
2026-01-02T23:11:27.370+08:00  INFO 9794 --- [springBootProject] [  restartedMain] .s.d.r.c.RepositoryConfigurationDelegate : Bootstrapping Spring Data JPA repositories in DEFAULT mode.
2026-01-02T23:11:27.388+08:00  INFO 9794 --- [springBootProject] [  restartedMain] .s.d.r.c.RepositoryConfigurationDelegate : Finished Spring Data repository scanning in 14 ms. Found 3 JPA repository interfaces.
2026-01-02T23:11:27.819+08:00  INFO 9794 --- [springBootProject] [  restartedMain] o.s.b.w.embedded.tomcat.TomcatWebServer  : Tomcat initialized with port 8080 (http)
2026-01-02T23:11:27.824+08:00  INFO 9794 --- [springBootProject] [  restartedMain] o.apache.catalina.core.StandardService   : Starting service [Tomcat]
2026-01-02T23:11:27.824+08:00  INFO 9794 --- [springBootProject] [  restartedMain] o.apache.catalina.core.StandardEngine    : Starting Servlet engine: [Apache Tomcat/10.1.34]
2026-01-02T23:11:27.843+08:00  INFO 9794 --- [springBootProject] [  restartedMain] o.a.c.c.C.[Tomcat].[localhost].[/]       : Initializing Spring embedded WebApplicationContext
2026-01-02T23:11:27.843+08:00  INFO 9794 --- [springBootProject] [  restartedMain] w.s.c.ServletWebServerApplicationContext : Root WebApplicationContext: initialization completed in 713 ms
2026-01-02T23:11:27.942+08:00  INFO 9794 --- [springBootProject] [  restartedMain] com.zaxxer.hikari.HikariDataSource       : HikariPool-1 - Starting...
2026-01-02T23:11:28.008+08:00  INFO 9794 --- [springBootProject] [  restartedMain] com.zaxxer.hikari.pool.HikariPool        : HikariPool-1 - Added connection com.mysql.cj.jdbc.ConnectionImpl@10a3ba0d
2026-01-02T23:11:28.009+08:00  INFO 9794 --- [springBootProject] [  restartedMain] com.zaxxer.hikari.HikariDataSource       : HikariPool-1 - Start completed.
2026-01-02T23:11:28.043+08:00  INFO 9794 --- [springBootProject] [  restartedMain] o.hibernate.jpa.internal.util.LogHelper  : HHH000204: Processing PersistenceUnitInfo [name: default]
2026-01-02T23:11:28.060+08:00  INFO 9794 --- [springBootProject] [  restartedMain] org.hibernate.Version                    : HHH000412: Hibernate ORM core version 6.6.4.Final
2026-01-02T23:11:28.070+08:00  INFO 9794 --- [springBootProject] [  restartedMain] o.h.c.internal.RegionFactoryInitiator    : HHH000026: Second-level cache disabled
2026-01-02T23:11:28.159+08:00  INFO 9794 --- [springBootProject] [  restartedMain] o.s.o.j.p.SpringPersistenceUnitInfo      : No LoadTimeWeaver setup: ignoring JPA class transformer
2026-01-02T23:11:28.187+08:00  WARN 9794 --- [springBootProject] [  restartedMain] org.hibernate.orm.deprecation            : HHH90000025: MySQL8Dialect does not need to be specified explicitly using 'hibernate.dialect' (remove the property setting and it will be selected by default)
2026-01-02T23:11:28.188+08:00  WARN 9794 --- [springBootProject] [  restartedMain] org.hibernate.orm.deprecation            : HHH90000026: MySQL8Dialect has been deprecated; use org.hibernate.dialect.MySQLDialect instead
2026-01-02T23:11:28.192+08:00  INFO 9794 --- [springBootProject] [  restartedMain] org.hibernate.orm.connections.pooling    : HHH10001005: Database info:
	Database JDBC URL [Connecting through datasource 'HikariDataSource (HikariPool-1)']
	Database driver: undefined/unknown
	Database version: 8.0
	Autocommit mode: undefined/unknown
	Isolation level: undefined/unknown
	Minimum pool size: undefined/unknown
	Maximum pool size: undefined/unknown
2026-01-02T23:11:28.491+08:00  INFO 9794 --- [springBootProject] [  restartedMain] o.h.e.t.j.p.i.JtaPlatformInitiator       : HHH000489: No JTA platform available (set 'hibernate.transaction.jta.platform' to enable JTA platform integration)
2026-01-02T23:11:28.515+08:00  INFO 9794 --- [springBootProject] [  restartedMain] j.LocalContainerEntityManagerFactoryBean : Initialized JPA EntityManagerFactory for persistence unit 'default'
2026-01-02T23:11:28.698+08:00  WARN 9794 --- [springBootProject] [  restartedMain] JpaBaseConfiguration$JpaWebConfiguration : spring.jpa.open-in-view is enabled by default. Therefore, database queries may be performed during view rendering. Explicitly configure spring.jpa.open-in-view to disable this warning
2026-01-02T23:11:28.712+08:00  INFO 9794 --- [springBootProject] [  restartedMain] r$InitializeUserDetailsManagerConfigurer : Global AuthenticationManager configured with UserDetailsService bean with name customUserDetailsService
2026-01-02T23:11:28.871+08:00  INFO 9794 --- [springBootProject] [  restartedMain] o.s.b.a.e.web.EndpointLinksResolver      : Exposing 1 endpoint beneath base path '/actuator'
安全配置: 已完全禁用安全限制，允许所有请求访问
2026-01-02T23:11:29.054+08:00  INFO 9794 --- [springBootProject] [  restartedMain] o.s.b.d.a.OptionalLiveReloadServer       : LiveReload server is running on port 35729
2026-01-02T23:11:29.064+08:00 DEBUG 9794 --- [springBootProject] [  restartedMain] o.s.w.s.s.s.ServerEndpointExporter       : Registering @ServerEndpoint class: class com.springbootproject.Controller.NativeWebSocketController
2026-01-02T23:11:29.086+08:00  INFO 9794 --- [springBootProject] [  restartedMain] o.s.b.w.embedded.tomcat.TomcatWebServer  : Tomcat started on port 8080 (http) with context path '/'
2026-01-02T23:11:29.095+08:00  INFO 9794 --- [springBootProject] [  restartedMain] c.s.SpringBootProjectApplication         : Started SpringBootProjectApplication in 2.131 seconds (process running for 2.28)
2026-01-02T23:11:29.120+08:00  INFO 9794 --- [springBootProject] [  restartedMain] o.s.b.a.b.JobLauncherApplicationRunner   : Running default command line with: []
2026-01-02T23:11:29.169+08:00 DEBUG 9794 --- [springBootProject] [  restartedMain] org.hibernate.SQL                        : 
    select
        u1_0.id,
        u1_0.avatar,
        u1_0.password,
        u1_0.roleId,
        u1_0.roleName,
        u1_0.username 
    from
        user u1_0 
    where
        u1_0.username=?
Hibernate: 
    select
        u1_0.id,
        u1_0.avatar,
        u1_0.password,
        u1_0.roleId,
        u1_0.roleName,
        u1_0.username 
    from
        user u1_0 
    where
        u1_0.username=?
2026-01-02T23:11:29.264+08:00 DEBUG 9794 --- [springBootProject] [  restartedMain] org.hibernate.SQL                        : 
    select
        u1_0.id,
        u1_0.avatar,
        u1_0.password,
        u1_0.roleId,
        u1_0.roleName,
        u1_0.username 
    from
        user u1_0 
    where
        u1_0.id=?
Hibernate: 
    select
        u1_0.id,
        u1_0.avatar,
        u1_0.password,
        u1_0.roleId,
        u1_0.roleName,
        u1_0.username 
    from
        user u1_0 
    where
        u1_0.id=?
2026-01-02T23:11:29.273+08:00 DEBUG 9794 --- [springBootProject] [  restartedMain] org.hibernate.SQL                        : 
    update
        user 
    set
        avatar=?,
        password=?,
        roleId=?,
        roleName=?,
        username=? 
    where
        id=?
Hibernate: 
    update
        user 
    set
        avatar=?,
        password=?,
        roleId=?,
        roleName=?,
        username=? 
    where
        id=?
初始化管理员用户完成: 用户名=admin, 密码=admin
加密后的密码: $2a$10$yOWl1bbP3hSa8K693Fc3LO7Y.UFmm59V9Ziq8eOQwMQeTooNq6OWu
密码长度: 60
验证测试: true
2026-01-02T23:11:29.442+08:00 DEBUG 9794 --- [springBootProject] [  restartedMain] org.hibernate.SQL                        : 
    select
        count(*) 
    from
        sys_menu m1_0
Hibernate: 
    select
        count(*) 
    from
        sys_menu m1_0
2026-01-02T23:11:40.890+08:00  INFO 9794 --- [springBootProject] [ionShutdownHook] o.s.b.w.e.tomcat.GracefulShutdown        : Commencing graceful shutdown. Waiting for active requests to complete
2026-01-02T23:11:40.893+08:00  INFO 9794 --- [springBootProject] [tomcat-shutdown] o.s.b.w.e.tomcat.GracefulShutdown        : Graceful shutdown complete
2026-01-02T23:11:40.897+08:00  INFO 9794 --- [springBootProject] [ionShutdownHook] j.LocalContainerEntityManagerFactoryBean : Closing JPA EntityManagerFactory for persistence unit 'default'
2026-01-02T23:11:40.899+08:00  INFO 9794 --- [springBootProject] [ionShutdownHook] com.zaxxer.hikari.HikariDataSource       : HikariPool-1 - Shutdown initiated...
2026-01-02T23:11:40.903+08:00  INFO 9794 --- [springBootProject] [ionShutdownHook] com.zaxxer.hikari.HikariDataSource       : HikariPool-1 - Shutdown completed.
[INFO] ------------------------------------------------------------------------
[INFO] BUILD SUCCESS
[INFO] ------------------------------------------------------------------------
[INFO] Total time:  14.972 s
[INFO] Finished at: 2026-01-02T23:11:41+08:00
[INFO] ------------------------------------------------------------------------
